# JRE version: OpenJDK Runtime Environment (11.0.10) (build 11.0.10+0-b96-7249189)
# Java VM: OpenJDK 64-Bit Server VM (11.0.10+0-b96-7249189, mixed mode, tiered, compressed oops, g1 gc, windows-amd64)
Heap:
 garbage-first heap   total 236544K, used 102198K [0x0000000080000000, 0x0000000100000000)
  region size 1024K, 5 young (5120K), 5 survivors (5120K)
 Metaspace       used 107819K, capacity 110408K, committed 111444K, reserved 1144832K
  class space    used 13871K, capacity 14885K, committed 15308K, reserved 1048576K
GC Heap History (20 events):
Event: 85.971 GC heap after
{Heap after GC invocations=26 (full 0):
 garbage-first heap   total 196608K, used 97772K [0x0000000080000000, 0x0000000100000000)
  region size 1024K, 4 young (4096K), 4 survivors (4096K)
 Metaspace       used 107651K, capacity 110479K, committed 110548K, reserved 1144832K
  class space    used 14021K, capacity 15159K, committed 15180K, reserved 1048576K
}
Event: 86.730 GC heap before
{Heap before GC invocations=27 (full 0):
 garbage-first heap   total 196608K, used 162284K [0x0000000080000000, 0x0000000100000000)
  region size 1024K, 67 young (68608K), 4 survivors (4096K)
 Metaspace       used 107251K, capacity 109803K, committed 110804K, reserved 1144832K
  class space    used 13840K, capacity 14831K, committed 15180K, reserved 1048576K
}
Event: 86.744 GC heap after
{Heap after GC invocations=28 (full 0):
 garbage-first heap   total 196608K, used 97966K [0x0000000080000000, 0x0000000100000000)
  region size 1024K, 4 young (4096K), 4 survivors (4096K)
 Metaspace       used 107251K, capacity 109803K, committed 110804K, reserved 1144832K
  class space    used 13840K, capacity 14831K, committed 15180K, reserved 1048576K
}
Event: 87.217 GC heap before
{Heap before GC invocations=28 (full 0):
 garbage-first heap   total 196608K, used 163502K [0x0000000080000000, 0x0000000100000000)
  region size 1024K, 68 young (69632K), 4 survivors (4096K)
 Metaspace       used 107433K, capacity 109970K, committed 110804K, reserved 1144832K
  class space    used 13852K, capacity 14839K, committed 15180K, reserved 1048576K
}
Event: 87.234 GC heap after
{Heap after GC invocations=29 (full 0):
 garbage-first heap   total 196608K, used 97857K [0x0000000080000000, 0x0000000100000000)
  region size 1024K, 4 young (4096K), 4 survivors (4096K)
 Metaspace       used 107433K, capacity 109970K, committed 110804K, reserved 1144832K
  class space    used 13852K, capacity 14839K, committed 15180K, reserved 1048576K
}
Event: 87.952 GC heap before
{Heap before GC invocations=30 (full 0):
 garbage-first heap   total 196608K, used 165441K [0x0000000080000000, 0x0000000100000000)
  region size 1024K, 70 young (71680K), 4 survivors (4096K)
 Metaspace       used 107512K, capacity 110072K, committed 111188K, reserved 1144832K
  class space    used 13856K, capacity 14871K, committed 15308K, reserved 1048576K
}
Event: 87.968 GC heap after
{Heap after GC invocations=31 (full 0):
 garbage-first heap   total 196608K, used 99031K [0x0000000080000000, 0x0000000100000000)
  region size 1024K, 5 young (5120K), 5 survivors (5120K)
 Metaspace       used 107512K, capacity 110072K, committed 111188K, reserved 1144832K
  class space    used 13856K, capacity 14871K, committed 15308K, reserved 1048576K
}
Event: 88.323 GC heap before
{Heap before GC invocations=31 (full 0):
 garbage-first heap   total 196608K, used 165591K [0x0000000080000000, 0x0000000100000000)
  region size 1024K, 70 young (71680K), 5 survivors (5120K)
 Metaspace       used 107559K, capacity 110136K, committed 111188K, reserved 1144832K
  class space    used 13859K, capacity 14871K, committed 15308K, reserved 1048576K
}
Event: 88.345 GC heap after
{Heap after GC invocations=32 (full 0):
 garbage-first heap   total 196608K, used 100203K [0x0000000080000000, 0x0000000100000000)
  region size 1024K, 6 young (6144K), 6 survivors (6144K)
 Metaspace       used 107559K, capacity 110136K, committed 111188K, reserved 1144832K
  class space    used 13859K, capacity 14871K, committed 15308K, reserved 1048576K
}
Event: 88.966 GC heap before
{Heap before GC invocations=33 (full 0):
 garbage-first heap   total 196608K, used 166763K [0x0000000080000000, 0x0000000100000000)
  region size 1024K, 71 young (72704K), 6 survivors (6144K)
 Metaspace       used 107590K, capacity 110213K, committed 111188K, reserved 1144832K
  class space    used 13861K, capacity 14875K, committed 15308K, reserved 1048576K
}
Event: 88.982 GC heap after
{Heap after GC invocations=34 (full 0):
 garbage-first heap   total 196608K, used 100955K [0x0000000080000000, 0x0000000100000000)
  region size 1024K, 5 young (5120K), 5 survivors (5120K)
 Metaspace       used 107590K, capacity 110213K, committed 111188K, reserved 1144832K
  class space    used 13861K, capacity 14875K, committed 15308K, reserved 1048576K
}
Event: 89.347 GC heap before
{Heap before GC invocations=34 (full 0):
 garbage-first heap   total 196608K, used 168539K [0x0000000080000000, 0x0000000100000000)
  region size 1024K, 71 young (72704K), 5 survivors (5120K)
 Metaspace       used 107695K, capacity 110303K, committed 111188K, reserved 1144832K
  class space    used 13864K, capacity 14879K, committed 15308K, reserved 1048576K
}
Event: 89.369 GC heap after
{Heap after GC invocations=35 (full 0):
 garbage-first heap   total 196608K, used 100851K [0x0000000080000000, 0x0000000100000000)
  region size 1024K, 5 young (5120K), 5 survivors (5120K)
 Metaspace       used 107695K, capacity 110303K, committed 111188K, reserved 1144832K
  class space    used 13864K, capacity 14879K, committed 15308K, reserved 1048576K
}
Event: 90.005 GC heap before
{Heap before GC invocations=36 (full 0):
 garbage-first heap   total 196608K, used 168435K [0x0000000080000000, 0x0000000100000000)
  region size 1024K, 71 young (72704K), 5 survivors (5120K)
 Metaspace       used 107709K, capacity 110313K, committed 111188K, reserved 1144832K
  class space    used 13865K, capacity 14881K, committed 15308K, reserved 1048576K
}
Event: 90.018 GC heap after
{Heap after GC invocations=37 (full 0):
 garbage-first heap   total 196608K, used 100225K [0x0000000080000000, 0x0000000100000000)
  region size 1024K, 5 young (5120K), 5 survivors (5120K)
 Metaspace       used 107709K, capacity 110313K, committed 111188K, reserved 1144832K
  class space    used 13865K, capacity 14881K, committed 15308K, reserved 1048576K
}
Event: 90.347 GC heap before
{Heap before GC invocations=37 (full 0):
 garbage-first heap   total 196608K, used 167809K [0x0000000080000000, 0x0000000100000000)
  region size 1024K, 72 young (73728K), 5 survivors (5120K)
 Metaspace       used 107727K, capacity 110315K, committed 111188K, reserved 1144832K
  class space    used 13865K, capacity 14881K, committed 15308K, reserved 1048576K
}
Event: 90.369 GC heap after
{Heap after GC invocations=38 (full 0):
 garbage-first heap   total 196608K, used 101390K [0x0000000080000000, 0x0000000100000000)
  region size 1024K, 6 young (6144K), 6 survivors (6144K)
 Metaspace       used 107727K, capacity 110315K, committed 111188K, reserved 1144832K
  class space    used 13865K, capacity 14881K, committed 15308K, reserved 1048576K
}
Event: 91.032 GC heap before
{Heap before GC invocations=39 (full 0):
 garbage-first heap   total 196608K, used 168974K [0x0000000080000000, 0x0000000100000000)
  region size 1024K, 72 young (73728K), 6 survivors (6144K)
 Metaspace       used 107811K, capacity 110400K, committed 111444K, reserved 1144832K
  class space    used 13869K, capacity 14882K, committed 15308K, reserved 1048576K
}
Event: 91.045 GC heap after
{Heap after GC invocations=40 (full 0):
 garbage-first heap   total 196608K, used 100838K [0x0000000080000000, 0x0000000100000000)
  region size 1024K, 3 young (3072K), 3 survivors (3072K)
 Metaspace       used 107811K, capacity 110400K, committed 111444K, reserved 1144832K
  class space    used 13869K, capacity 14882K, committed 15308K, reserved 1048576K
}
Event: 91.373 GC heap before
{Heap before GC invocations=40 (full 0):
 garbage-first heap   total 196608K, used 170470K [0x0000000080000000, 0x0000000100000000)
  region size 1024K, 71 young (72704K), 3 survivors (3072K)
 Metaspace       used 107819K, capacity 110408K, committed 111444K, reserved 1144832K
  class space    used 13871K, capacity 14885K, committed 15308K, reserved 1048576K
}

