# JRE version: OpenJDK Runtime Environment (11.0.10) (build 11.0.10+0-b96-7249189)
# Java VM: OpenJDK 64-Bit Server VM (11.0.10+0-b96-7249189, mixed mode, tiered, compressed oops, g1 gc, windows-amd64)
Heap:
 garbage-first heap   total 196608K, used 134164K [0x0000000080000000, 0x0000000100000000)
  region size 1024K, 40 young (40960K), 3 survivors (3072K)
 Metaspace       used 105343K, capacity 107780K, committed 108364K, reserved 1142784K
  class space    used 13589K, capacity 14517K, committed 14720K, reserved 1048576K
GC Heap History (20 events):
Event: 24.231 GC heap before
{Heap before GC invocations=12 (full 0):
 garbage-first heap   total 196608K, used 124382K [0x0000000080000000, 0x0000000100000000)
  region size 1024K, 76 young (77824K), 3 survivors (3072K)
 Metaspace       used 66121K, capacity 67688K, committed 67788K, reserved 1107968K
  class space    used 8333K, capacity 8929K, committed 8960K, reserved 1048576K
}
Event: 24.251 GC heap after
{Heap after GC invocations=13 (full 0):
 garbage-first heap   total 196608K, used 54238K [0x0000000080000000, 0x0000000100000000)
  region size 1024K, 7 young (7168K), 7 survivors (7168K)
 Metaspace       used 66121K, capacity 67688K, committed 67788K, reserved 1107968K
  class space    used 8333K, capacity 8929K, committed 8960K, reserved 1048576K
}
Event: 26.493 GC heap before
{Heap before GC invocations=14 (full 0):
 garbage-first heap   total 196608K, used 131038K [0x0000000080000000, 0x0000000100000000)
  region size 1024K, 82 young (83968K), 7 survivors (7168K)
 Metaspace       used 72111K, capacity 73701K, committed 73804K, reserved 1114112K
  class space    used 9228K, capacity 9816K, committed 9856K, reserved 1048576K
}
Event: 26.533 GC heap after
{Heap after GC invocations=15 (full 0):
 garbage-first heap   total 196608K, used 60372K [0x0000000080000000, 0x0000000100000000)
  region size 1024K, 11 young (11264K), 11 survivors (11264K)
 Metaspace       used 72111K, capacity 73701K, committed 73804K, reserved 1114112K
  class space    used 9228K, capacity 9816K, committed 9856K, reserved 1048576K
}
Event: 29.358 GC heap before
{Heap before GC invocations=15 (full 0):
 garbage-first heap   total 196608K, used 145364K [0x0000000080000000, 0x0000000100000000)
  region size 1024K, 86 young (88064K), 11 survivors (11264K)
 Metaspace       used 80224K, capacity 81984K, committed 82124K, reserved 1120256K
  class space    used 10341K, capacity 10977K, committed 11008K, reserved 1048576K
}
Event: 29.386 GC heap after
{Heap after GC invocations=16 (full 0):
 garbage-first heap   total 196608K, used 65005K [0x0000000080000000, 0x0000000100000000)
  region size 1024K, 5 young (5120K), 5 survivors (5120K)
 Metaspace       used 80224K, capacity 81984K, committed 82124K, reserved 1120256K
  class space    used 10341K, capacity 10977K, committed 11008K, reserved 1048576K
}
Event: 32.273 GC heap before
{Heap before GC invocations=16 (full 0):
 garbage-first heap   total 196608K, used 140781K [0x0000000080000000, 0x0000000100000000)
  region size 1024K, 80 young (81920K), 5 survivors (5120K)
 Metaspace       used 85763K, capacity 87742K, committed 88012K, reserved 1126400K
  class space    used 11004K, capacity 11752K, committed 11776K, reserved 1048576K
}
Event: 32.297 GC heap after
{Heap after GC invocations=17 (full 0):
 garbage-first heap   total 196608K, used 72097K [0x0000000080000000, 0x0000000100000000)
  region size 1024K, 10 young (10240K), 10 survivors (10240K)
 Metaspace       used 85763K, capacity 87742K, committed 88012K, reserved 1126400K
  class space    used 11004K, capacity 11752K, committed 11776K, reserved 1048576K
}
Event: 34.935 GC heap before
{Heap before GC invocations=17 (full 0):
 garbage-first heap   total 196608K, used 145825K [0x0000000080000000, 0x0000000100000000)
  region size 1024K, 83 young (84992K), 10 survivors (10240K)
 Metaspace       used 87041K, capacity 89099K, committed 89164K, reserved 1126400K
  class space    used 11110K, capacity 11849K, committed 11904K, reserved 1048576K
}
Event: 34.964 GC heap after
{Heap after GC invocations=18 (full 0):
 garbage-first heap   total 196608K, used 78154K [0x0000000080000000, 0x0000000100000000)
  region size 1024K, 6 young (6144K), 6 survivors (6144K)
 Metaspace       used 87041K, capacity 89099K, committed 89164K, reserved 1126400K
  class space    used 11110K, capacity 11849K, committed 11904K, reserved 1048576K
}
Event: 36.749 GC heap before
{Heap before GC invocations=18 (full 0):
 garbage-first heap   total 196608K, used 149834K [0x0000000080000000, 0x0000000100000000)
  region size 1024K, 77 young (78848K), 6 survivors (6144K)
 Metaspace       used 91658K, capacity 93675K, committed 93900K, reserved 1130496K
  class space    used 11691K, capacity 12457K, committed 12544K, reserved 1048576K
}
Event: 36.766 GC heap after
{Heap after GC invocations=19 (full 0):
 garbage-first heap   total 196608K, used 80326K [0x0000000080000000, 0x0000000100000000)
  region size 1024K, 8 young (8192K), 8 survivors (8192K)
 Metaspace       used 91658K, capacity 93675K, committed 93900K, reserved 1130496K
  class space    used 11691K, capacity 12457K, committed 12544K, reserved 1048576K
}
Event: 40.318 GC heap before
{Heap before GC invocations=19 (full 0):
 garbage-first heap   total 196608K, used 153030K [0x0000000080000000, 0x0000000100000000)
  region size 1024K, 80 young (81920K), 8 survivors (8192K)
 Metaspace       used 94778K, capacity 96953K, committed 97228K, reserved 1134592K
  class space    used 12142K, capacity 12931K, committed 13056K, reserved 1048576K
}
Event: 40.342 GC heap after
{Heap after GC invocations=20 (full 0):
 garbage-first heap   total 196608K, used 85803K [0x0000000080000000, 0x0000000100000000)
  region size 1024K, 9 young (9216K), 9 survivors (9216K)
 Metaspace       used 94778K, capacity 96953K, committed 97228K, reserved 1134592K
  class space    used 12142K, capacity 12931K, committed 13056K, reserved 1048576K
}
Event: 41.697 GC heap before
{Heap before GC invocations=20 (full 0):
 garbage-first heap   total 196608K, used 155435K [0x0000000080000000, 0x0000000100000000)
  region size 1024K, 78 young (79872K), 9 survivors (9216K)
 Metaspace       used 100220K, capacity 102613K, committed 102860K, reserved 1138688K
  class space    used 12903K, capacity 13804K, committed 13824K, reserved 1048576K
}
Event: 41.733 GC heap after
{Heap after GC invocations=21 (full 0):
 garbage-first heap   total 196608K, used 96019K [0x0000000080000000, 0x0000000100000000)
  region size 1024K, 10 young (10240K), 10 survivors (10240K)
 Metaspace       used 100220K, capacity 102613K, committed 102860K, reserved 1138688K
  class space    used 12903K, capacity 13804K, committed 13824K, reserved 1048576K
}
Event: 43.227 GC heap before
{Heap before GC invocations=21 (full 0):
 garbage-first heap   total 196608K, used 155411K [0x0000000080000000, 0x0000000100000000)
  region size 1024K, 69 young (70656K), 10 survivors (10240K)
 Metaspace       used 104780K, capacity 107379K, committed 107596K, reserved 1142784K
  class space    used 13606K, capacity 14600K, committed 14720K, reserved 1048576K
}
Event: 43.249 GC heap after
{Heap after GC invocations=22 (full 0):
 garbage-first heap   total 196608K, used 96912K [0x0000000080000000, 0x0000000100000000)
  region size 1024K, 2 young (2048K), 2 survivors (2048K)
 Metaspace       used 104780K, capacity 107379K, committed 107596K, reserved 1142784K
  class space    used 13606K, capacity 14600K, committed 14720K, reserved 1048576K
}
Event: 43.948 GC heap before
{Heap before GC invocations=22 (full 0):
 garbage-first heap   total 196608K, used 158352K [0x0000000080000000, 0x0000000100000000)
  region size 1024K, 62 young (63488K), 2 survivors (2048K)
 Metaspace       used 105426K, capacity 107993K, committed 108108K, reserved 1142784K
  class space    used 13662K, capacity 14650K, committed 14720K, reserved 1048576K
}
Event: 43.964 GC heap after
{Heap after GC invocations=23 (full 0):
 garbage-first heap   total 196608K, used 97300K [0x0000000080000000, 0x0000000100000000)
  region size 1024K, 3 young (3072K), 3 survivors (3072K)
 Metaspace       used 105426K, capacity 107993K, committed 108108K, reserved 1142784K
  class space    used 13662K, capacity 14650K, committed 14720K, reserved 1048576K
}

